This file contains any messages produced by compilers while
running configure, to aid debugging if configure makes a mistake.

It was created by payrunner configure 1.0, which was
generated by GNU Autoconf 2.63.  Invocation command line was

  $ ./configure 

## --------- ##
## Platform. ##
## --------- ##

hostname = linuxAS6
uname -m = x86_64
uname -r = 2.6.32-71.el6.x86_64
uname -s = Linux
uname -v = #1 SMP Wed Sep 1 01:33:01 EDT 2010

/usr/bin/uname -p = unknown
/bin/uname -X     = unknown

/bin/arch              = x86_64
/usr/bin/arch -k       = unknown
/usr/convex/getsysinfo = unknown
/usr/bin/hostinfo      = unknown
/bin/machine           = unknown
/usr/bin/oslevel       = unknown
/bin/universe          = unknown

PATH: /usr/local/bin
PATH: /bin
PATH: /usr/bin
PATH: /usr/local/sbin
PATH: /usr/sbin
PATH: /sbin
PATH: /home/ap/aps/bin


## ----------- ##
## Core tests. ##
## ----------- ##

configure:1837: checking build system type
configure:1855: result: x86_64-pc-linux-gnu
configure:1877: checking host system type
configure:1892: result: x86_64-pc-linux-gnu
configure:1914: checking target system type
configure:1929: result: x86_64-pc-linux-gnu
configure:2009: checking for gcc
configure:2025: found /usr/bin/gcc
configure:2036: result: gcc
configure:2268: checking for C compiler version
configure:2276: gcc --version >&5
gcc (GCC) 4.4.4 20100726 (Red Hat 4.4.4-13)
Copyright (C) 2010 Free Software Foundation, Inc.
This is free software; see the source for copying conditions.  There is NO
warranty; not even for MERCHANTABILITY or FITNESS FOR A PARTICULAR PURPOSE.

configure:2280: $? = 0
configure:2287: gcc -v >&5
Using built-in specs.
Target: x86_64-redhat-linux
Configured with: ../configure --prefix=/usr --mandir=/usr/share/man --infodir=/usr/share/info --with-bugurl=http://bugzilla.redhat.com/bugzilla --enable-bootstrap --enable-shared --enable-threads=posix --enable-checking=release --with-system-zlib --enable-__cxa_atexit --disable-libunwind-exceptions --enable-gnu-unique-object --enable-languages=c,c++,objc,obj-c++,java,fortran,ada --enable-java-awt=gtk --disable-dssi --with-java-home=/usr/lib/jvm/java-1.5.0-gcj-1.5.0.0/jre --enable-libgcj-multifile --enable-java-maintainer-mode --with-ecj-jar=/usr/share/java/eclipse-ecj.jar --disable-libjava-multilib --with-ppl --with-cloog --with-tune=generic --with-arch_32=i686 --build=x86_64-redhat-linux
Thread model: posix
gcc version 4.4.4 20100726 (Red Hat 4.4.4-13) (GCC) 
configure:2291: $? = 0
configure:2298: gcc -V >&5
gcc: '-V' option must have argument
configure:2302: $? = 1
configure:2325: checking for C compiler default output file name
configure:2347: gcc    conftest.c  >&5
configure:2351: $? = 0
configure:2389: result: a.out
configure:2408: checking whether the C compiler works
configure:2418: ./a.out
configure:2422: $? = 0
configure:2441: result: yes
configure:2448: checking whether we are cross compiling
configure:2450: result: no
configure:2453: checking for suffix of executables
configure:2460: gcc -o conftest    conftest.c  >&5
configure:2464: $? = 0
configure:2490: result: 
configure:2496: checking for suffix of object files
configure:2522: gcc -c   conftest.c >&5
configure:2526: $? = 0
configure:2551: result: o
configure:2555: checking whether we are using the GNU C compiler
configure:2584: gcc -c   conftest.c >&5
configure:2591: $? = 0
configure:2608: result: yes
configure:2617: checking whether gcc accepts -g
configure:2647: gcc -c -g  conftest.c >&5
configure:2654: $? = 0
configure:2755: result: yes
configure:2772: checking for gcc option to accept ISO C89
configure:2846: gcc  -c -g -O2  conftest.c >&5
configure:2853: $? = 0
configure:2876: result: none needed
configure:2899: checking how to run the C preprocessor
configure:2939: gcc -E  conftest.c
configure:2946: $? = 0
configure:2977: gcc -E  conftest.c
conftest.c:8:28: error: ac_nonexistent.h: No such file or directory
configure:2984: $? = 1
configure: failed program was:
| /* confdefs.h.  */
| #define PACKAGE_NAME "payrunner"
| #define PACKAGE_TARNAME "payrunner"
| #define PACKAGE_VERSION "1.0"
| #define PACKAGE_STRING "payrunner 1.0"
| #define PACKAGE_BUGREPORT "zhaokun@adtec.com.cn"
| /* end confdefs.h.  */
| #include <ac_nonexistent.h>
configure:3017: result: gcc -E
configure:3046: gcc -E  conftest.c
configure:3053: $? = 0
configure:3084: gcc -E  conftest.c
conftest.c:8:28: error: ac_nonexistent.h: No such file or directory
configure:3091: $? = 1
configure: failed program was:
| /* confdefs.h.  */
| #define PACKAGE_NAME "payrunner"
| #define PACKAGE_TARNAME "payrunner"
| #define PACKAGE_VERSION "1.0"
| #define PACKAGE_STRING "payrunner 1.0"
| #define PACKAGE_BUGREPORT "zhaokun@adtec.com.cn"
| /* end confdefs.h.  */
| #include <ac_nonexistent.h>
configure:3173: checking for ranlib
configure:3189: found /usr/bin/ranlib
configure:3200: result: ranlib
configure:3222: checking whether make sets $(MAKE)
configure:3244: result: yes
configure:3258: checking for atexit in -lc
configure:3293: gcc -o conftest -g -O2   conftest.c -lc   >&5
configure:3300: $? = 0
configure:3321: result: yes
configure:3333: checking for basename in -lgen
configure:3368: gcc -o conftest -g -O2   conftest.c -lgen  -lc  >&5
/usr/bin/ld: cannot find -lgen
collect2: ld returned 1 exit status
configure:3375: $? = 1
configure: failed program was:
| /* confdefs.h.  */
| #define PACKAGE_NAME "payrunner"
| #define PACKAGE_TARNAME "payrunner"
| #define PACKAGE_VERSION "1.0"
| #define PACKAGE_STRING "payrunner 1.0"
| #define PACKAGE_BUGREPORT "zhaokun@adtec.com.cn"
| #define HAVE_LIBC 1
| /* end confdefs.h.  */
| 
| /* Override any GCC internal prototype to avoid an error.
|    Use char because int might match the return type of a GCC
|    builtin and then its argument prototype would still apply.  */
| #ifdef __cplusplus
| extern "C"
| #endif
| char basename ();
| int
| main ()
| {
| return basename ();
|   ;
|   return 0;
| }
configure:3396: result: no
configure:3408: checking for socket in -lsocket
configure:3443: gcc -o conftest -g -O2   conftest.c -lsocket  -lc  >&5
/usr/bin/ld: cannot find -lsocket
collect2: ld returned 1 exit status
configure:3450: $? = 1
configure: failed program was:
| /* confdefs.h.  */
| #define PACKAGE_NAME "payrunner"
| #define PACKAGE_TARNAME "payrunner"
| #define PACKAGE_VERSION "1.0"
| #define PACKAGE_STRING "payrunner 1.0"
| #define PACKAGE_BUGREPORT "zhaokun@adtec.com.cn"
| #define HAVE_LIBC 1
| /* end confdefs.h.  */
| 
| /* Override any GCC internal prototype to avoid an error.
|    Use char because int might match the return type of a GCC
|    builtin and then its argument prototype would still apply.  */
| #ifdef __cplusplus
| extern "C"
| #endif
| char socket ();
| int
| main ()
| {
| return socket ();
|   ;
|   return 0;
| }
configure:3471: result: no
configure:3483: checking for nsl in -linet_addr
configure:3518: gcc -o conftest -g -O2   conftest.c -linet_addr  -lc  >&5
/usr/bin/ld: cannot find -linet_addr
collect2: ld returned 1 exit status
configure:3525: $? = 1
configure: failed program was:
| /* confdefs.h.  */
| #define PACKAGE_NAME "payrunner"
| #define PACKAGE_TARNAME "payrunner"
| #define PACKAGE_VERSION "1.0"
| #define PACKAGE_STRING "payrunner 1.0"
| #define PACKAGE_BUGREPORT "zhaokun@adtec.com.cn"
| #define HAVE_LIBC 1
| /* end confdefs.h.  */
| 
| /* Override any GCC internal prototype to avoid an error.
|    Use char because int might match the return type of a GCC
|    builtin and then its argument prototype would still apply.  */
| #ifdef __cplusplus
| extern "C"
| #endif
| char nsl ();
| int
| main ()
| {
| return nsl ();
|   ;
|   return 0;
| }
configure:3546: result: no
configure:3558: checking for pow in -lm
configure:3593: gcc -o conftest -g -O2   conftest.c -lm  -lc  >&5
conftest.c:16: warning: conflicting types for built-in function 'pow'
configure:3600: $? = 0
configure:3621: result: yes
configure:3633: checking for initscr in -lcurses
configure:3668: gcc -o conftest -g -O2   conftest.c -lcurses  -lm -lc  >&5
configure:3675: $? = 0
configure:3696: result: yes
configure:3708: checking for dlerror in -ldl
configure:3743: gcc -o conftest -g -O2   conftest.c -ldl  -lcurses -lm -lc  >&5
configure:3750: $? = 0
configure:3771: result: yes
configure:3783: checking for pthread_exit in -lpthread
configure:3818: gcc -o conftest -g -O2   conftest.c -lpthread  -ldl -lcurses -lm -lc  >&5
configure:3825: $? = 0
configure:3846: result: yes
configure:3862: checking for grep that handles long lines and -e
configure:3922: result: /bin/grep
configure:3927: checking for egrep
configure:3991: result: /bin/grep -E
configure:3996: checking for ANSI C header files
configure:4026: gcc -c -g -O2  conftest.c >&5
configure:4033: $? = 0
configure:4132: gcc -o conftest -g -O2   conftest.c -lpthread -ldl -lcurses -lm -lc  >&5
configure:4136: $? = 0
configure:4142: ./conftest
configure:4146: $? = 0
configure:4164: result: yes
configure:4174: checking for sys/wait.h that is POSIX.1 compatible
configure:4210: gcc -c -g -O2  conftest.c >&5
configure:4217: $? = 0
configure:4232: result: yes
configure:4257: checking for sys/types.h
configure:4278: gcc -c -g -O2  conftest.c >&5
configure:4285: $? = 0
configure:4302: result: yes
configure:4257: checking for sys/stat.h
configure:4278: gcc -c -g -O2  conftest.c >&5
configure:4285: $? = 0
configure:4302: result: yes
configure:4257: checking for stdlib.h
configure:4278: gcc -c -g -O2  conftest.c >&5
configure:4285: $? = 0
configure:4302: result: yes
configure:4257: checking for string.h
configure:4278: gcc -c -g -O2  conftest.c >&5
configure:4285: $? = 0
configure:4302: result: yes
configure:4257: checking for memory.h
configure:4278: gcc -c -g -O2  conftest.c >&5
configure:4285: $? = 0
configure:4302: result: yes
configure:4257: checking for strings.h
configure:4278: gcc -c -g -O2  conftest.c >&5
configure:4285: $? = 0
configure:4302: result: yes
configure:4257: checking for inttypes.h
configure:4278: gcc -c -g -O2  conftest.c >&5
configure:4285: $? = 0
configure:4302: result: yes
configure:4257: checking for stdint.h
configure:4278: gcc -c -g -O2  conftest.c >&5
configure:4285: $? = 0
configure:4302: result: yes
configure:4257: checking for unistd.h
configure:4278: gcc -c -g -O2  conftest.c >&5
configure:4285: $? = 0
configure:4302: result: yes
configure:4400: checking stdio.h usability
configure:4417: gcc -c -g -O2  conftest.c >&5
configure:4424: $? = 0
configure:4438: result: yes
configure:4442: checking stdio.h presence
configure:4457: gcc -E  conftest.c
configure:4464: $? = 0
configure:4478: result: yes
configure:4511: checking for stdio.h
configure:4520: result: yes
configure:4389: checking for unistd.h
configure:4396: result: yes
configure:4389: checking for memory.h
configure:4396: result: yes
configure:4400: checking sys/time.h usability
configure:4417: gcc -c -g -O2  conftest.c >&5
configure:4424: $? = 0
configure:4438: result: yes
configure:4442: checking sys/time.h presence
configure:4457: gcc -E  conftest.c
configure:4464: $? = 0
configure:4478: result: yes
configure:4511: checking for sys/time.h
configure:4520: result: yes
configure:4400: checking time.h usability
configure:4417: gcc -c -g -O2  conftest.c >&5
configure:4424: $? = 0
configure:4438: result: yes
configure:4442: checking time.h presence
configure:4457: gcc -E  conftest.c
configure:4464: $? = 0
configure:4478: result: yes
configure:4511: checking for time.h
configure:4520: result: yes
configure:4400: checking math.h usability
configure:4417: gcc -c -g -O2  conftest.c >&5
configure:4424: $? = 0
configure:4438: result: yes
configure:4442: checking math.h presence
configure:4457: gcc -E  conftest.c
configure:4464: $? = 0
configure:4478: result: yes
configure:4511: checking for math.h
configure:4520: result: yes
configure:4400: checking setjmp.h usability
configure:4417: gcc -c -g -O2  conftest.c >&5
configure:4424: $? = 0
configure:4438: result: yes
configure:4442: checking setjmp.h presence
configure:4457: gcc -E  conftest.c
configure:4464: $? = 0
configure:4478: result: yes
configure:4511: checking for setjmp.h
configure:4520: result: yes
configure:4400: checking ctype.h usability
configure:4417: gcc -c -g -O2  conftest.c >&5
configure:4424: $? = 0
configure:4438: result: yes
configure:4442: checking ctype.h presence
configure:4457: gcc -E  conftest.c
configure:4464: $? = 0
configure:4478: result: yes
configure:4511: checking for ctype.h
configure:4520: result: yes
configure:4400: checking aio.h usability
configure:4417: gcc -c -g -O2  conftest.c >&5
configure:4424: $? = 0
configure:4438: result: yes
configure:4442: checking aio.h presence
configure:4457: gcc -E  conftest.c
configure:4464: $? = 0
configure:4478: result: yes
configure:4511: checking for aio.h
configure:4520: result: yes
configure:4400: checking assert.h usability
configure:4417: gcc -c -g -O2  conftest.c >&5
configure:4424: $? = 0
configure:4438: result: yes
configure:4442: checking assert.h presence
configure:4457: gcc -E  conftest.c
configure:4464: $? = 0
configure:4478: result: yes
configure:4511: checking for assert.h
configure:4520: result: yes
configure:4400: checking libgen.h usability
configure:4417: gcc -c -g -O2  conftest.c >&5
configure:4424: $? = 0
configure:4438: result: yes
configure:4442: checking libgen.h presence
configure:4457: gcc -E  conftest.c
configure:4464: $? = 0
configure:4478: result: yes
configure:4511: checking for libgen.h
configure:4520: result: yes
configure:4400: checking signal.h usability
configure:4417: gcc -c -g -O2  conftest.c >&5
configure:4424: $? = 0
configure:4438: result: yes
configure:4442: checking signal.h presence
configure:4457: gcc -E  conftest.c
configure:4464: $? = 0
configure:4478: result: yes
configure:4511: checking for signal.h
configure:4520: result: yes
configure:4400: checking wchar.h usability
configure:4417: gcc -c -g -O2  conftest.c >&5
configure:4424: $? = 0
configure:4438: result: yes
configure:4442: checking wchar.h presence
configure:4457: gcc -E  conftest.c
configure:4464: $? = 0
configure:4478: result: yes
configure:4511: checking for wchar.h
configure:4520: result: yes
configure:4400: checking complex.h usability
configure:4417: gcc -c -g -O2  conftest.c >&5
configure:4424: $? = 0
configure:4438: result: yes
configure:4442: checking complex.h presence
configure:4457: gcc -E  conftest.c
configure:4464: $? = 0
configure:4478: result: yes
configure:4511: checking for complex.h
configure:4520: result: yes
configure:4400: checking nl_types.h usability
configure:4417: gcc -c -g -O2  conftest.c >&5
configure:4424: $? = 0
configure:4438: result: yes
configure:4442: checking nl_types.h presence
configure:4457: gcc -E  conftest.c
configure:4464: $? = 0
configure:4478: result: yes
configure:4511: checking for nl_types.h
configure:4520: result: yes
configure:4400: checking termios.h usability
configure:4417: gcc -c -g -O2  conftest.c >&5
configure:4424: $? = 0
configure:4438: result: yes
configure:4442: checking termios.h presence
configure:4457: gcc -E  conftest.c
configure:4464: $? = 0
configure:4478: result: yes
configure:4511: checking for termios.h
configure:4520: result: yes
configure:4389: checking for sys/stat.h
configure:4396: result: yes
configure:4400: checking syslog.h usability
configure:4417: gcc -c -g -O2  conftest.c >&5
configure:4424: $? = 0
configure:4438: result: yes
configure:4442: checking syslog.h presence
configure:4457: gcc -E  conftest.c
configure:4464: $? = 0
configure:4478: result: yes
configure:4511: checking for syslog.h
configure:4520: result: yes
configure:4400: checking fcntl.h usability
configure:4417: gcc -c -g -O2  conftest.c >&5
configure:4424: $? = 0
configure:4438: result: yes
configure:4442: checking fcntl.h presence
configure:4457: gcc -E  conftest.c
configure:4464: $? = 0
configure:4478: result: yes
configure:4511: checking for fcntl.h
configure:4520: result: yes
configure:4400: checking ndbm.h usability
configure:4417: gcc -c -g -O2  conftest.c >&5
conftest.c:76:18: error: ndbm.h: No such file or directory
configure:4424: $? = 1
configure: failed program was:
| /* confdefs.h.  */
| #define PACKAGE_NAME "payrunner"
| #define PACKAGE_TARNAME "payrunner"
| #define PACKAGE_VERSION "1.0"
| #define PACKAGE_STRING "payrunner 1.0"
| #define PACKAGE_BUGREPORT "zhaokun@adtec.com.cn"
| #define HAVE_LIBC 1
| #define HAVE_LIBM 1
| #define HAVE_LIBCURSES 1
| #define HAVE_LIBDL 1
| #define HAVE_LIBPTHREAD 1
| #define STDC_HEADERS 1
| #define HAVE_SYS_WAIT_H 1
| #define HAVE_SYS_TYPES_H 1
| #define HAVE_SYS_STAT_H 1
| #define HAVE_STDLIB_H 1
| #define HAVE_STRING_H 1
| #define HAVE_MEMORY_H 1
| #define HAVE_STRINGS_H 1
| #define HAVE_INTTYPES_H 1
| #define HAVE_STDINT_H 1
| #define HAVE_UNISTD_H 1
| #define HAVE_STDIO_H 1
| #define HAVE_UNISTD_H 1
| #define HAVE_MEMORY_H 1
| #define HAVE_SYS_TIME_H 1
| #define HAVE_TIME_H 1
| #define HAVE_MATH_H 1
| #define HAVE_SETJMP_H 1
| #define HAVE_CTYPE_H 1
| #define HAVE_AIO_H 1
| #define HAVE_ASSERT_H 1
| #define HAVE_LIBGEN_H 1
| #define HAVE_SIGNAL_H 1
| #define HAVE_WCHAR_H 1
| #define HAVE_COMPLEX_H 1
| #define HAVE_NL_TYPES_H 1
| #define HAVE_TERMIOS_H 1
| #define HAVE_SYS_STAT_H 1
| #define HAVE_SYSLOG_H 1
| #define HAVE_FCNTL_H 1
| /* end confdefs.h.  */
| #include <stdio.h>
| #ifdef HAVE_SYS_TYPES_H
| # include <sys/types.h>
| #endif
| #ifdef HAVE_SYS_STAT_H
| # include <sys/stat.h>
| #endif
| #ifdef STDC_HEADERS
| # include <stdlib.h>
| # include <stddef.h>
| #else
| # ifdef HAVE_STDLIB_H
| #  include <stdlib.h>
| # endif
| #endif
| #ifdef HAVE_STRING_H
| # if !defined STDC_HEADERS && defined HAVE_MEMORY_H
| #  include <memory.h>
| # endif
| # include <string.h>
| #endif
| #ifdef HAVE_STRINGS_H
| # include <strings.h>
| #endif
| #ifdef HAVE_INTTYPES_H
| # include <inttypes.h>
| #endif
| #ifdef HAVE_STDINT_H
| # include <stdint.h>
| #endif
| #ifdef HAVE_UNISTD_H
| # include <unistd.h>
| #endif
| #include <ndbm.h>
configure:4438: result: no
configure:4442: checking ndbm.h presence
configure:4457: gcc -E  conftest.c
conftest.c:43:18: error: ndbm.h: No such file or directory
configure:4464: $? = 1
configure: failed program was:
| /* confdefs.h.  */
| #define PACKAGE_NAME "payrunner"
| #define PACKAGE_TARNAME "payrunner"
| #define PACKAGE_VERSION "1.0"
| #define PACKAGE_STRING "payrunner 1.0"
| #define PACKAGE_BUGREPORT "zhaokun@adtec.com.cn"
| #define HAVE_LIBC 1
| #define HAVE_LIBM 1
| #define HAVE_LIBCURSES 1
| #define HAVE_LIBDL 1
| #define HAVE_LIBPTHREAD 1
| #define STDC_HEADERS 1
| #define HAVE_SYS_WAIT_H 1
| #define HAVE_SYS_TYPES_H 1
| #define HAVE_SYS_STAT_H 1
| #define HAVE_STDLIB_H 1
| #define HAVE_STRING_H 1
| #define HAVE_MEMORY_H 1
| #define HAVE_STRINGS_H 1
| #define HAVE_INTTYPES_H 1
| #define HAVE_STDINT_H 1
| #define HAVE_UNISTD_H 1
| #define HAVE_STDIO_H 1
| #define HAVE_UNISTD_H 1
| #define HAVE_MEMORY_H 1
| #define HAVE_SYS_TIME_H 1
| #define HAVE_TIME_H 1
| #define HAVE_MATH_H 1
| #define HAVE_SETJMP_H 1
| #define HAVE_CTYPE_H 1
| #define HAVE_AIO_H 1
| #define HAVE_ASSERT_H 1
| #define HAVE_LIBGEN_H 1
| #define HAVE_SIGNAL_H 1
| #define HAVE_WCHAR_H 1
| #define HAVE_COMPLEX_H 1
| #define HAVE_NL_TYPES_H 1
| #define HAVE_TERMIOS_H 1
| #define HAVE_SYS_STAT_H 1
| #define HAVE_SYSLOG_H 1
| #define HAVE_FCNTL_H 1
| /* end confdefs.h.  */
| #include <ndbm.h>
configure:4478: result: no
configure:4511: checking for ndbm.h
configure:4520: result: no
configure:4400: checking dlfcn.h usability
configure:4417: gcc -c -g -O2  conftest.c >&5
configure:4424: $? = 0
configure:4438: result: yes
configure:4442: checking dlfcn.h presence
configure:4457: gcc -E  conftest.c
configure:4464: $? = 0
configure:4478: result: yes
configure:4511: checking for dlfcn.h
configure:4520: result: yes
configure:4400: checking grp.h usability
configure:4417: gcc -c -g -O2  conftest.c >&5
configure:4424: $? = 0
configure:4438: result: yes
configure:4442: checking grp.h presence
configure:4457: gcc -E  conftest.c
configure:4464: $? = 0
configure:4478: result: yes
configure:4511: checking for grp.h
configure:4520: result: yes
configure:4400: checking netdb.h usability
configure:4417: gcc -c -g -O2  conftest.c >&5
configure:4424: $? = 0
configure:4438: result: yes
configure:4442: checking netdb.h presence
configure:4457: gcc -E  conftest.c
configure:4464: $? = 0
configure:4478: result: yes
configure:4511: checking for netdb.h
configure:4520: result: yes
configure:4400: checking pwd.h usability
configure:4417: gcc -c -g -O2  conftest.c >&5
configure:4424: $? = 0
configure:4438: result: yes
configure:4442: checking pwd.h presence
configure:4457: gcc -E  conftest.c
configure:4464: $? = 0
configure:4478: result: yes
configure:4511: checking for pwd.h
configure:4520: result: yes
configure:4400: checking utmpx.h usability
configure:4417: gcc -c -g -O2  conftest.c >&5
configure:4424: $? = 0
configure:4438: result: yes
configure:4442: checking utmpx.h presence
configure:4457: gcc -E  conftest.c
configure:4464: $? = 0
configure:4478: result: yes
configure:4511: checking for utmpx.h
configure:4520: result: yes
configure:4400: checking errno.h usability
configure:4417: gcc -c -g -O2  conftest.c >&5
configure:4424: $? = 0
configure:4438: result: yes
configure:4442: checking errno.h presence
configure:4457: gcc -E  conftest.c
configure:4464: $? = 0
configure:4478: result: yes
configure:4511: checking for errno.h
configure:4520: result: yes
configure:4400: checking stropts.h usability
configure:4417: gcc -c -g -O2  conftest.c >&5
conftest.c:82:21: error: stropts.h: No such file or directory
configure:4424: $? = 1
configure: failed program was:
| /* confdefs.h.  */
| #define PACKAGE_NAME "payrunner"
| #define PACKAGE_TARNAME "payrunner"
| #define PACKAGE_VERSION "1.0"
| #define PACKAGE_STRING "payrunner 1.0"
| #define PACKAGE_BUGREPORT "zhaokun@adtec.com.cn"
| #define HAVE_LIBC 1
| #define HAVE_LIBM 1
| #define HAVE_LIBCURSES 1
| #define HAVE_LIBDL 1
| #define HAVE_LIBPTHREAD 1
| #define STDC_HEADERS 1
| #define HAVE_SYS_WAIT_H 1
| #define HAVE_SYS_TYPES_H 1
| #define HAVE_SYS_STAT_H 1
| #define HAVE_STDLIB_H 1
| #define HAVE_STRING_H 1
| #define HAVE_MEMORY_H 1
| #define HAVE_STRINGS_H 1
| #define HAVE_INTTYPES_H 1
| #define HAVE_STDINT_H 1
| #define HAVE_UNISTD_H 1
| #define HAVE_STDIO_H 1
| #define HAVE_UNISTD_H 1
| #define HAVE_MEMORY_H 1
| #define HAVE_SYS_TIME_H 1
| #define HAVE_TIME_H 1
| #define HAVE_MATH_H 1
| #define HAVE_SETJMP_H 1
| #define HAVE_CTYPE_H 1
| #define HAVE_AIO_H 1
| #define HAVE_ASSERT_H 1
| #define HAVE_LIBGEN_H 1
| #define HAVE_SIGNAL_H 1
| #define HAVE_WCHAR_H 1
| #define HAVE_COMPLEX_H 1
| #define HAVE_NL_TYPES_H 1
| #define HAVE_TERMIOS_H 1
| #define HAVE_SYS_STAT_H 1
| #define HAVE_SYSLOG_H 1
| #define HAVE_FCNTL_H 1
| #define HAVE_DLFCN_H 1
| #define HAVE_GRP_H 1
| #define HAVE_NETDB_H 1
| #define HAVE_PWD_H 1
| #define HAVE_UTMPX_H 1
| #define HAVE_ERRNO_H 1
| /* end confdefs.h.  */
| #include <stdio.h>
| #ifdef HAVE_SYS_TYPES_H
| # include <sys/types.h>
| #endif
| #ifdef HAVE_SYS_STAT_H
| # include <sys/stat.h>
| #endif
| #ifdef STDC_HEADERS
| # include <stdlib.h>
| # include <stddef.h>
| #else
| # ifdef HAVE_STDLIB_H
| #  include <stdlib.h>
| # endif
| #endif
| #ifdef HAVE_STRING_H
| # if !defined STDC_HEADERS && defined HAVE_MEMORY_H
| #  include <memory.h>
| # endif
| # include <string.h>
| #endif
| #ifdef HAVE_STRINGS_H
| # include <strings.h>
| #endif
| #ifdef HAVE_INTTYPES_H
| # include <inttypes.h>
| #endif
| #ifdef HAVE_STDINT_H
| # include <stdint.h>
| #endif
| #ifdef HAVE_UNISTD_H
| # include <unistd.h>
| #endif
| #include <stropts.h>
configure:4438: result: no
configure:4442: checking stropts.h presence
configure:4457: gcc -E  conftest.c
conftest.c:49:21: error: stropts.h: No such file or directory
configure:4464: $? = 1
configure: failed program was:
| /* confdefs.h.  */
| #define PACKAGE_NAME "payrunner"
| #define PACKAGE_TARNAME "payrunner"
| #define PACKAGE_VERSION "1.0"
| #define PACKAGE_STRING "payrunner 1.0"
| #define PACKAGE_BUGREPORT "zhaokun@adtec.com.cn"
| #define HAVE_LIBC 1
| #define HAVE_LIBM 1
| #define HAVE_LIBCURSES 1
| #define HAVE_LIBDL 1
| #define HAVE_LIBPTHREAD 1
| #define STDC_HEADERS 1
| #define HAVE_SYS_WAIT_H 1
| #define HAVE_SYS_TYPES_H 1
| #define HAVE_SYS_STAT_H 1
| #define HAVE_STDLIB_H 1
| #define HAVE_STRING_H 1
| #define HAVE_MEMORY_H 1
| #define HAVE_STRINGS_H 1
| #define HAVE_INTTYPES_H 1
| #define HAVE_STDINT_H 1
| #define HAVE_UNISTD_H 1
| #define HAVE_STDIO_H 1
| #define HAVE_UNISTD_H 1
| #define HAVE_MEMORY_H 1
| #define HAVE_SYS_TIME_H 1
| #define HAVE_TIME_H 1
| #define HAVE_MATH_H 1
| #define HAVE_SETJMP_H 1
| #define HAVE_CTYPE_H 1
| #define HAVE_AIO_H 1
| #define HAVE_ASSERT_H 1
| #define HAVE_LIBGEN_H 1
| #define HAVE_SIGNAL_H 1
| #define HAVE_WCHAR_H 1
| #define HAVE_COMPLEX_H 1
| #define HAVE_NL_TYPES_H 1
| #define HAVE_TERMIOS_H 1
| #define HAVE_SYS_STAT_H 1
| #define HAVE_SYSLOG_H 1
| #define HAVE_FCNTL_H 1
| #define HAVE_DLFCN_H 1
| #define HAVE_GRP_H 1
| #define HAVE_NETDB_H 1
| #define HAVE_PWD_H 1
| #define HAVE_UTMPX_H 1
| #define HAVE_ERRNO_H 1
| /* end confdefs.h.  */
| #include <stropts.h>
configure:4478: result: no
configure:4511: checking for stropts.h
configure:4520: result: no
configure:4400: checking fenv.h usability
configure:4417: gcc -c -g -O2  conftest.c >&5
configure:4424: $? = 0
configure:4438: result: yes
configure:4442: checking fenv.h presence
configure:4457: gcc -E  conftest.c
configure:4464: $? = 0
configure:4478: result: yes
configure:4511: checking for fenv.h
configure:4520: result: yes
configure:4400: checking fmtmsg.h usability
configure:4417: gcc -c -g -O2  conftest.c >&5
configure:4424: $? = 0
configure:4438: result: yes
configure:4442: checking fmtmsg.h presence
configure:4457: gcc -E  conftest.c
configure:4464: $? = 0
configure:4478: result: yes
configure:4511: checking for fmtmsg.h
configure:4520: result: yes
configure:4400: checking fnmatch.h usability
configure:4417: gcc -c -g -O2  conftest.c >&5
configure:4424: $? = 0
configure:4438: result: yes
configure:4442: checking fnmatch.h presence
configure:4457: gcc -E  conftest.c
configure:4464: $? = 0
configure:4478: result: yes
configure:4511: checking for fnmatch.h
configure:4520: result: yes
configure:4400: checking sys/statvfs.h usability
configure:4417: gcc -c -g -O2  conftest.c >&5
configure:4424: $? = 0
configure:4438: result: yes
configure:4442: checking sys/statvfs.h presence
configure:4457: gcc -E  conftest.c
configure:4464: $? = 0
configure:4478: result: yes
configure:4511: checking for sys/statvfs.h
configure:4520: result: yes
configure:4400: checking sys/timeb.h usability
configure:4417: gcc -c -g -O2  conftest.c >&5
configure:4424: $? = 0
configure:4438: result: yes
configure:4442: checking sys/timeb.h presence
configure:4457: gcc -E  conftest.c
configure:4464: $? = 0
configure:4478: result: yes
configure:4511: checking for sys/timeb.h
configure:4520: result: yes
configure:4400: checking sys/ipc.h usability
configure:4417: gcc -c -g -O2  conftest.c >&5
configure:4424: $? = 0
configure:4438: result: yes
configure:4442: checking sys/ipc.h presence
configure:4457: gcc -E  conftest.c
configure:4464: $? = 0
configure:4478: result: yes
configure:4511: checking for sys/ipc.h
configure:4520: result: yes
configure:4400: checking ftw.h usability
configure:4417: gcc -c -g -O2  conftest.c >&5
configure:4424: $? = 0
configure:4438: result: yes
configure:4442: checking ftw.h presence
configure:4457: gcc -E  conftest.c
configure:4464: $? = 0
configure:4478: result: yes
configure:4511: checking for ftw.h
configure:4520: result: yes
configure:4400: checking sys/resource.h usability
configure:4417: gcc -c -g -O2  conftest.c >&5
configure:4424: $? = 0
configure:4438: result: yes
configure:4442: checking sys/resource.h presence
configure:4457: gcc -E  conftest.c
configure:4464: $? = 0
configure:4478: result: yes
configure:4511: checking for sys/resource.h
configure:4520: result: yes
configure:4400: checking glob.h usability
configure:4417: gcc -c -g -O2  conftest.c >&5
configure:4424: $? = 0
configure:4438: result: yes
configure:4442: checking glob.h presence
configure:4457: gcc -E  conftest.c
configure:4464: $? = 0
configure:4478: result: yes
configure:4511: checking for glob.h
configure:4520: result: yes
configure:4400: checking search.h usability
configure:4417: gcc -c -g -O2  conftest.c >&5
configure:4424: $? = 0
configure:4438: result: yes
configure:4442: checking search.h presence
configure:4457: gcc -E  conftest.c
configure:4464: $? = 0
configure:4478: result: yes
configure:4511: checking for search.h
configure:4520: result: yes
configure:4400: checking iconv.h usability
configure:4417: gcc -c -g -O2  conftest.c >&5
configure:4424: $? = 0
configure:4438: result: yes
configure:4442: checking iconv.h presence
configure:4457: gcc -E  conftest.c
configure:4464: $? = 0
configure:4478: result: yes
configure:4511: checking for iconv.h
configure:4520: result: yes
configure:4400: checking wctype.h usability
configure:4417: gcc -c -g -O2  conftest.c >&5
configure:4424: $? = 0
configure:4438: result: yes
configure:4442: checking wctype.h presence
configure:4457: gcc -E  conftest.c
configure:4464: $? = 0
configure:4478: result: yes
configure:4511: checking for wctype.h
configure:4520: result: yes
configure:4400: checking locale.h usability
configure:4417: gcc -c -g -O2  conftest.c >&5
configure:4424: $? = 0
configure:4438: result: yes
configure:4442: checking locale.h presence
configure:4457: gcc -E  conftest.c
configure:4464: $? = 0
configure:4478: result: yes
configure:4511: checking for locale.h
configure:4520: result: yes
configure:4400: checking sys/mman.h usability
configure:4417: gcc -c -g -O2  conftest.c >&5
configure:4424: $? = 0
configure:4438: result: yes
configure:4442: checking sys/mman.h presence
configure:4457: gcc -E  conftest.c
configure:4464: $? = 0
configure:4478: result: yes
configure:4511: checking for sys/mman.h
configure:4520: result: yes
configure:4400: checking mqueue.h usability
configure:4417: gcc -c -g -O2  conftest.c >&5
configure:4424: $? = 0
configure:4438: result: yes
configure:4442: checking mqueue.h presence
configure:4457: gcc -E  conftest.c
configure:4464: $? = 0
configure:4478: result: yes
configure:4511: checking for mqueue.h
configure:4520: result: yes
configure:4400: checking sys/msg.h usability
configure:4417: gcc -c -g -O2  conftest.c >&5
configure:4424: $? = 0
configure:4438: result: yes
configure:4442: checking sys/msg.h presence
configure:4457: gcc -E  conftest.c
configure:4464: $? = 0
configure:4478: result: yes
configure:4511: checking for sys/msg.h
configure:4520: result: yes
configure:4400: checking langinfo.h usability
configure:4417: gcc -c -g -O2  conftest.c >&5
configure:4424: $? = 0
configure:4438: result: yes
configure:4442: checking langinfo.h presence
configure:4457: gcc -E  conftest.c
configure:4464: $? = 0
configure:4478: result: yes
configure:4511: checking for langinfo.h
configure:4520: result: yes
configure:4400: checking poll.h usability
configure:4417: gcc -c -g -O2  conftest.c >&5
configure:4424: $? = 0
configure:4438: result: yes
configure:4442: checking poll.h presence
configure:4457: gcc -E  conftest.c
configure:4464: $? = 0
configure:4478: result: yes
configure:4511: checking for poll.h
configure:4520: result: yes
configure:4400: checking spawn.h usability
configure:4417: gcc -c -g -O2  conftest.c >&5
configure:4424: $? = 0
configure:4438: result: yes
configure:4442: checking spawn.h presence
configure:4457: gcc -E  conftest.c
configure:4464: $? = 0
configure:4478: result: yes
configure:4511: checking for spawn.h
configure:4520: result: yes
configure:4400: checking sched.h usability
configure:4417: gcc -c -g -O2  conftest.c >&5
configure:4424: $? = 0
configure:4438: result: yes
configure:4442: checking sched.h presence
configure:4457: gcc -E  conftest.c
configure:4464: $? = 0
configure:4478: result: yes
configure:4511: checking for sched.h
configure:4520: result: yes
configure:4400: checking trace.h usability
configure:4417: gcc -c -g -O2  conftest.c >&5
conftest.c:102:19: error: trace.h: No such file or directory
configure:4424: $? = 1
configure: failed program was:
| /* confdefs.h.  */
| #define PACKAGE_NAME "payrunner"
| #define PACKAGE_TARNAME "payrunner"
| #define PACKAGE_VERSION "1.0"
| #define PACKAGE_STRING "payrunner 1.0"
| #define PACKAGE_BUGREPORT "zhaokun@adtec.com.cn"
| #define HAVE_LIBC 1
| #define HAVE_LIBM 1
| #define HAVE_LIBCURSES 1
| #define HAVE_LIBDL 1
| #define HAVE_LIBPTHREAD 1
| #define STDC_HEADERS 1
| #define HAVE_SYS_WAIT_H 1
| #define HAVE_SYS_TYPES_H 1
| #define HAVE_SYS_STAT_H 1
| #define HAVE_STDLIB_H 1
| #define HAVE_STRING_H 1
| #define HAVE_MEMORY_H 1
| #define HAVE_STRINGS_H 1
| #define HAVE_INTTYPES_H 1
| #define HAVE_STDINT_H 1
| #define HAVE_UNISTD_H 1
| #define HAVE_STDIO_H 1
| #define HAVE_UNISTD_H 1
| #define HAVE_MEMORY_H 1
| #define HAVE_SYS_TIME_H 1
| #define HAVE_TIME_H 1
| #define HAVE_MATH_H 1
| #define HAVE_SETJMP_H 1
| #define HAVE_CTYPE_H 1
| #define HAVE_AIO_H 1
| #define HAVE_ASSERT_H 1
| #define HAVE_LIBGEN_H 1
| #define HAVE_SIGNAL_H 1
| #define HAVE_WCHAR_H 1
| #define HAVE_COMPLEX_H 1
| #define HAVE_NL_TYPES_H 1
| #define HAVE_TERMIOS_H 1
| #define HAVE_SYS_STAT_H 1
| #define HAVE_SYSLOG_H 1
| #define HAVE_FCNTL_H 1
| #define HAVE_DLFCN_H 1
| #define HAVE_GRP_H 1
| #define HAVE_NETDB_H 1
| #define HAVE_PWD_H 1
| #define HAVE_UTMPX_H 1
| #define HAVE_ERRNO_H 1
| #define HAVE_FENV_H 1
| #define HAVE_FMTMSG_H 1
| #define HAVE_FNMATCH_H 1
| #define HAVE_SYS_STATVFS_H 1
| #define HAVE_SYS_TIMEB_H 1
| #define HAVE_SYS_IPC_H 1
| #define HAVE_FTW_H 1
| #define HAVE_SYS_RESOURCE_H 1
| #define HAVE_GLOB_H 1
| #define HAVE_SEARCH_H 1
| #define HAVE_ICONV_H 1
| #define HAVE_WCTYPE_H 1
| #define HAVE_LOCALE_H 1
| #define HAVE_SYS_MMAN_H 1
| #define HAVE_MQUEUE_H 1
| #define HAVE_SYS_MSG_H 1
| #define HAVE_LANGINFO_H 1
| #define HAVE_POLL_H 1
| #define HAVE_SPAWN_H 1
| #define HAVE_SCHED_H 1
| /* end confdefs.h.  */
| #include <stdio.h>
| #ifdef HAVE_SYS_TYPES_H
| # include <sys/types.h>
| #endif
| #ifdef HAVE_SYS_STAT_H
| # include <sys/stat.h>
| #endif
| #ifdef STDC_HEADERS
| # include <stdlib.h>
| # include <stddef.h>
| #else
| # ifdef HAVE_STDLIB_H
| #  include <stdlib.h>
| # endif
| #endif
| #ifdef HAVE_STRING_H
| # if !defined STDC_HEADERS && defined HAVE_MEMORY_H
| #  include <memory.h>
| # endif
| # include <string.h>
| #endif
| #ifdef HAVE_STRINGS_H
| # include <strings.h>
| #endif
| #ifdef HAVE_INTTYPES_H
| # include <inttypes.h>
| #endif
| #ifdef HAVE_STDINT_H
| # include <stdint.h>
| #endif
| #ifdef HAVE_UNISTD_H
| # include <unistd.h>
| #endif
| #include <trace.h>
configure:4438: result: no
configure:4442: checking trace.h presence
configure:4457: gcc -E  conftest.c
conftest.c:69:19: error: trace.h: No such file or directory
configure:4464: $? = 1
configure: failed program was:
| /* confdefs.h.  */
| #define PACKAGE_NAME "payrunner"
| #define PACKAGE_TARNAME "payrunner"
| #define PACKAGE_VERSION "1.0"
| #define PACKAGE_STRING "payrunner 1.0"
| #define PACKAGE_BUGREPORT "zhaokun@adtec.com.cn"
| #define HAVE_LIBC 1
| #define HAVE_LIBM 1
| #define HAVE_LIBCURSES 1
| #define HAVE_LIBDL 1
| #define HAVE_LIBPTHREAD 1
| #define STDC_HEADERS 1
| #define HAVE_SYS_WAIT_H 1
| #define HAVE_SYS_TYPES_H 1
| #define HAVE_SYS_STAT_H 1
| #define HAVE_STDLIB_H 1
| #define HAVE_STRING_H 1
| #define HAVE_MEMORY_H 1
| #define HAVE_STRINGS_H 1
| #define HAVE_INTTYPES_H 1
| #define HAVE_STDINT_H 1
| #define HAVE_UNISTD_H 1
| #define HAVE_STDIO_H 1
| #define HAVE_UNISTD_H 1
| #define HAVE_MEMORY_H 1
| #define HAVE_SYS_TIME_H 1
| #define HAVE_TIME_H 1
| #define HAVE_MATH_H 1
| #define HAVE_SETJMP_H 1
| #define HAVE_CTYPE_H 1
| #define HAVE_AIO_H 1
| #define HAVE_ASSERT_H 1
| #define HAVE_LIBGEN_H 1
| #define HAVE_SIGNAL_H 1
| #define HAVE_WCHAR_H 1
| #define HAVE_COMPLEX_H 1
| #define HAVE_NL_TYPES_H 1
| #define HAVE_TERMIOS_H 1
| #define HAVE_SYS_STAT_H 1
| #define HAVE_SYSLOG_H 1
| #define HAVE_FCNTL_H 1
| #define HAVE_DLFCN_H 1
| #define HAVE_GRP_H 1
| #define HAVE_NETDB_H 1
| #define HAVE_PWD_H 1
| #define HAVE_UTMPX_H 1
| #define HAVE_ERRNO_H 1
| #define HAVE_FENV_H 1
| #define HAVE_FMTMSG_H 1
| #define HAVE_FNMATCH_H 1
| #define HAVE_SYS_STATVFS_H 1
| #define HAVE_SYS_TIMEB_H 1
| #define HAVE_SYS_IPC_H 1
| #define HAVE_FTW_H 1
| #define HAVE_SYS_RESOURCE_H 1
| #define HAVE_GLOB_H 1
| #define HAVE_SEARCH_H 1
| #define HAVE_ICONV_H 1
| #define HAVE_WCTYPE_H 1
| #define HAVE_LOCALE_H 1
| #define HAVE_SYS_MMAN_H 1
| #define HAVE_MQUEUE_H 1
| #define HAVE_SYS_MSG_H 1
| #define HAVE_LANGINFO_H 1
| #define HAVE_POLL_H 1
| #define HAVE_SPAWN_H 1
| #define HAVE_SCHED_H 1
| /* end confdefs.h.  */
| #include <trace.h>
configure:4478: result: no
configure:4511: checking for trace.h
configure:4520: result: no
configure:4400: checking pthread.h usability
configure:4417: gcc -c -g -O2  conftest.c >&5
configure:4424: $? = 0
configure:4438: result: yes
configure:4442: checking pthread.h presence
configure:4457: gcc -E  conftest.c
configure:4464: $? = 0
configure:4478: result: yes
configure:4511: checking for pthread.h
configure:4520: result: yes
configure:4400: checking sys/uio.h usability
configure:4417: gcc -c -g -O2  conftest.c >&5
configure:4424: $? = 0
configure:4438: result: yes
configure:4442: checking sys/uio.h presence
configure:4457: gcc -E  conftest.c
configure:4464: $? = 0
configure:4478: result: yes
configure:4511: checking for sys/uio.h
configure:4520: result: yes
configure:4400: checking regex.h usability
configure:4417: gcc -c -g -O2  conftest.c >&5
configure:4424: $? = 0
configure:4438: result: yes
configure:4442: checking regex.h presence
configure:4457: gcc -E  conftest.c
configure:4464: $? = 0
configure:4478: result: yes
configure:4511: checking for regex.h
configure:4520: result: yes
configure:4400: checking semaphore.h usability
configure:4417: gcc -c -g -O2  conftest.c >&5
configure:4424: $? = 0
configure:4438: result: yes
configure:4442: checking semaphore.h presence
configure:4457: gcc -E  conftest.c
configure:4464: $? = 0
configure:4478: result: yes
configure:4511: checking for semaphore.h
configure:4520: result: yes
configure:4400: checking sys/sem.h usability
configure:4417: gcc -c -g -O2  conftest.c >&5
configure:4424: $? = 0
configure:4438: result: yes
configure:4442: checking sys/sem.h presence
configure:4457: gcc -E  conftest.c
configure:4464: $? = 0
configure:4478: result: yes
configure:4511: checking for sys/sem.h
configure:4520: result: yes
configure:4400: checking sys/shm.h usability
configure:4417: gcc -c -g -O2  conftest.c >&5
configure:4424: $? = 0
configure:4438: result: yes
configure:4442: checking sys/shm.h presence
configure:4457: gcc -E  conftest.c
configure:4464: $? = 0
configure:4478: result: yes
configure:4511: checking for sys/shm.h
configure:4520: result: yes
configure:4400: checking monetarr.h usability
configure:4417: gcc -c -g -O2  conftest.c >&5
conftest.c:108:22: error: monetarr.h: No such file or directory
configure:4424: $? = 1
configure: failed program was:
| /* confdefs.h.  */
| #define PACKAGE_NAME "payrunner"
| #define PACKAGE_TARNAME "payrunner"
| #define PACKAGE_VERSION "1.0"
| #define PACKAGE_STRING "payrunner 1.0"
| #define PACKAGE_BUGREPORT "zhaokun@adtec.com.cn"
| #define HAVE_LIBC 1
| #define HAVE_LIBM 1
| #define HAVE_LIBCURSES 1
| #define HAVE_LIBDL 1
| #define HAVE_LIBPTHREAD 1
| #define STDC_HEADERS 1
| #define HAVE_SYS_WAIT_H 1
| #define HAVE_SYS_TYPES_H 1
| #define HAVE_SYS_STAT_H 1
| #define HAVE_STDLIB_H 1
| #define HAVE_STRING_H 1
| #define HAVE_MEMORY_H 1
| #define HAVE_STRINGS_H 1
| #define HAVE_INTTYPES_H 1
| #define HAVE_STDINT_H 1
| #define HAVE_UNISTD_H 1
| #define HAVE_STDIO_H 1
| #define HAVE_UNISTD_H 1
| #define HAVE_MEMORY_H 1
| #define HAVE_SYS_TIME_H 1
| #define HAVE_TIME_H 1
| #define HAVE_MATH_H 1
| #define HAVE_SETJMP_H 1
| #define HAVE_CTYPE_H 1
| #define HAVE_AIO_H 1
| #define HAVE_ASSERT_H 1
| #define HAVE_LIBGEN_H 1
| #define HAVE_SIGNAL_H 1
| #define HAVE_WCHAR_H 1
| #define HAVE_COMPLEX_H 1
| #define HAVE_NL_TYPES_H 1
| #define HAVE_TERMIOS_H 1
| #define HAVE_SYS_STAT_H 1
| #define HAVE_SYSLOG_H 1
| #define HAVE_FCNTL_H 1
| #define HAVE_DLFCN_H 1
| #define HAVE_GRP_H 1
| #define HAVE_NETDB_H 1
| #define HAVE_PWD_H 1
| #define HAVE_UTMPX_H 1
| #define HAVE_ERRNO_H 1
| #define HAVE_FENV_H 1
| #define HAVE_FMTMSG_H 1
| #define HAVE_FNMATCH_H 1
| #define HAVE_SYS_STATVFS_H 1
| #define HAVE_SYS_TIMEB_H 1
| #define HAVE_SYS_IPC_H 1
| #define HAVE_FTW_H 1
| #define HAVE_SYS_RESOURCE_H 1
| #define HAVE_GLOB_H 1
| #define HAVE_SEARCH_H 1
| #define HAVE_ICONV_H 1
| #define HAVE_WCTYPE_H 1
| #define HAVE_LOCALE_H 1
| #define HAVE_SYS_MMAN_H 1
| #define HAVE_MQUEUE_H 1
| #define HAVE_SYS_MSG_H 1
| #define HAVE_LANGINFO_H 1
| #define HAVE_POLL_H 1
| #define HAVE_SPAWN_H 1
| #define HAVE_SCHED_H 1
| #define HAVE_PTHREAD_H 1
| #define HAVE_SYS_UIO_H 1
| #define HAVE_REGEX_H 1
| #define HAVE_SEMAPHORE_H 1
| #define HAVE_SYS_SEM_H 1
| #define HAVE_SYS_SHM_H 1
| /* end confdefs.h.  */
| #include <stdio.h>
| #ifdef HAVE_SYS_TYPES_H
| # include <sys/types.h>
| #endif
| #ifdef HAVE_SYS_STAT_H
| # include <sys/stat.h>
| #endif
| #ifdef STDC_HEADERS
| # include <stdlib.h>
| # include <stddef.h>
| #else
| # ifdef HAVE_STDLIB_H
| #  include <stdlib.h>
| # endif
| #endif
| #ifdef HAVE_STRING_H
| # if !defined STDC_HEADERS && defined HAVE_MEMORY_H
| #  include <memory.h>
| # endif
| # include <string.h>
| #endif
| #ifdef HAVE_STRINGS_H
| # include <strings.h>
| #endif
| #ifdef HAVE_INTTYPES_H
| # include <inttypes.h>
| #endif
| #ifdef HAVE_STDINT_H
| # include <stdint.h>
| #endif
| #ifdef HAVE_UNISTD_H
| # include <unistd.h>
| #endif
| #include <monetarr.h>
configure:4438: result: no
configure:4442: checking monetarr.h presence
configure:4457: gcc -E  conftest.c
conftest.c:75:22: error: monetarr.h: No such file or directory
configure:4464: $? = 1
configure: failed program was:
| /* confdefs.h.  */
| #define PACKAGE_NAME "payrunner"
| #define PACKAGE_TARNAME "payrunner"
| #define PACKAGE_VERSION "1.0"
| #define PACKAGE_STRING "payrunner 1.0"
| #define PACKAGE_BUGREPORT "zhaokun@adtec.com.cn"
| #define HAVE_LIBC 1
| #define HAVE_LIBM 1
| #define HAVE_LIBCURSES 1
| #define HAVE_LIBDL 1
| #define HAVE_LIBPTHREAD 1
| #define STDC_HEADERS 1
| #define HAVE_SYS_WAIT_H 1
| #define HAVE_SYS_TYPES_H 1
| #define HAVE_SYS_STAT_H 1
| #define HAVE_STDLIB_H 1
| #define HAVE_STRING_H 1
| #define HAVE_MEMORY_H 1
| #define HAVE_STRINGS_H 1
| #define HAVE_INTTYPES_H 1
| #define HAVE_STDINT_H 1
| #define HAVE_UNISTD_H 1
| #define HAVE_STDIO_H 1
| #define HAVE_UNISTD_H 1
| #define HAVE_MEMORY_H 1
| #define HAVE_SYS_TIME_H 1
| #define HAVE_TIME_H 1
| #define HAVE_MATH_H 1
| #define HAVE_SETJMP_H 1
| #define HAVE_CTYPE_H 1
| #define HAVE_AIO_H 1
| #define HAVE_ASSERT_H 1
| #define HAVE_LIBGEN_H 1
| #define HAVE_SIGNAL_H 1
| #define HAVE_WCHAR_H 1
| #define HAVE_COMPLEX_H 1
| #define HAVE_NL_TYPES_H 1
| #define HAVE_TERMIOS_H 1
| #define HAVE_SYS_STAT_H 1
| #define HAVE_SYSLOG_H 1
| #define HAVE_FCNTL_H 1
| #define HAVE_DLFCN_H 1
| #define HAVE_GRP_H 1
| #define HAVE_NETDB_H 1
| #define HAVE_PWD_H 1
| #define HAVE_UTMPX_H 1
| #define HAVE_ERRNO_H 1
| #define HAVE_FENV_H 1
| #define HAVE_FMTMSG_H 1
| #define HAVE_FNMATCH_H 1
| #define HAVE_SYS_STATVFS_H 1
| #define HAVE_SYS_TIMEB_H 1
| #define HAVE_SYS_IPC_H 1
| #define HAVE_FTW_H 1
| #define HAVE_SYS_RESOURCE_H 1
| #define HAVE_GLOB_H 1
| #define HAVE_SEARCH_H 1
| #define HAVE_ICONV_H 1
| #define HAVE_WCTYPE_H 1
| #define HAVE_LOCALE_H 1
| #define HAVE_SYS_MMAN_H 1
| #define HAVE_MQUEUE_H 1
| #define HAVE_SYS_MSG_H 1
| #define HAVE_LANGINFO_H 1
| #define HAVE_POLL_H 1
| #define HAVE_SPAWN_H 1
| #define HAVE_SCHED_H 1
| #define HAVE_PTHREAD_H 1
| #define HAVE_SYS_UIO_H 1
| #define HAVE_REGEX_H 1
| #define HAVE_SEMAPHORE_H 1
| #define HAVE_SYS_SEM_H 1
| #define HAVE_SYS_SHM_H 1
| /* end confdefs.h.  */
| #include <monetarr.h>
configure:4478: result: no
configure:4511: checking for monetarr.h
configure:4520: result: no
configure:4400: checking ulimit.h usability
configure:4417: gcc -c -g -O2  conftest.c >&5
configure:4424: $? = 0
configure:4438: result: yes
configure:4442: checking ulimit.h presence
configure:4457: gcc -E  conftest.c
configure:4464: $? = 0
configure:4478: result: yes
configure:4511: checking for ulimit.h
configure:4520: result: yes
configure:4400: checking limits.h usability
configure:4417: gcc -c -g -O2  conftest.c >&5
configure:4424: $? = 0
configure:4438: result: yes
configure:4442: checking limits.h presence
configure:4457: gcc -E  conftest.c
configure:4464: $? = 0
configure:4478: result: yes
configure:4511: checking for limits.h
configure:4520: result: yes
configure:4400: checking sys/utsname.h usability
configure:4417: gcc -c -g -O2  conftest.c >&5
configure:4424: $? = 0
configure:4438: result: yes
configure:4442: checking sys/utsname.h presence
configure:4457: gcc -E  conftest.c
configure:4464: $? = 0
configure:4478: result: yes
configure:4511: checking for sys/utsname.h
configure:4520: result: yes
configure:4400: checking stdarg.h usability
configure:4417: gcc -c -g -O2  conftest.c >&5
configure:4424: $? = 0
configure:4438: result: yes
configure:4442: checking stdarg.h presence
configure:4457: gcc -E  conftest.c
configure:4464: $? = 0
configure:4478: result: yes
configure:4511: checking for stdarg.h
configure:4520: result: yes
configure:4400: checking stddef.h usability
configure:4417: gcc -c -g -O2  conftest.c >&5
configure:4424: $? = 0
configure:4438: result: yes
configure:4442: checking stddef.h presence
configure:4457: gcc -E  conftest.c
configure:4464: $? = 0
configure:4478: result: yes
configure:4511: checking for stddef.h
configure:4520: result: yes
configure:4400: checking wordexp.h usability
configure:4417: gcc -c -g -O2  conftest.c >&5
configure:4424: $? = 0
configure:4438: result: yes
configure:4442: checking wordexp.h presence
configure:4457: gcc -E  conftest.c
configure:4464: $? = 0
configure:4478: result: yes
configure:4511: checking for wordexp.h
configure:4520: result: yes
configure:4400: checking utime.h usability
configure:4417: gcc -c -g -O2  conftest.c >&5
configure:4424: $? = 0
configure:4438: result: yes
configure:4442: checking utime.h presence
configure:4457: gcc -E  conftest.c
configure:4464: $? = 0
configure:4478: result: yes
configure:4511: checking for utime.h
configure:4520: result: yes
configure:4400: checking sys/times.h usability
configure:4417: gcc -c -g -O2  conftest.c >&5
configure:4424: $? = 0
configure:4438: result: yes
configure:4442: checking sys/times.h presence
configure:4457: gcc -E  conftest.c
configure:4464: $? = 0
configure:4478: result: yes
configure:4511: checking for sys/times.h
configure:4520: result: yes
configure:4400: checking sys/socket.h usability
configure:4417: gcc -c -g -O2  conftest.c >&5
configure:4424: $? = 0
configure:4438: result: yes
configure:4442: checking sys/socket.h presence
configure:4457: gcc -E  conftest.c
configure:4464: $? = 0
configure:4478: result: yes
configure:4511: checking for sys/socket.h
configure:4520: result: yes
configure:4400: checking netinet/in.h usability
configure:4417: gcc -c -g -O2  conftest.c >&5
configure:4424: $? = 0
configure:4438: result: yes
configure:4442: checking netinet/in.h presence
configure:4457: gcc -E  conftest.c
configure:4464: $? = 0
configure:4478: result: yes
configure:4511: checking for netinet/in.h
configure:4520: result: yes
configure:4400: checking arpa/inet.h usability
configure:4417: gcc -c -g -O2  conftest.c >&5
configure:4424: $? = 0
configure:4438: result: yes
configure:4442: checking arpa/inet.h presence
configure:4457: gcc -E  conftest.c
configure:4464: $? = 0
configure:4478: result: yes
configure:4511: checking for arpa/inet.h
configure:4520: result: yes
configure:4400: checking sys/ioctl.h usability
configure:4417: gcc -c -g -O2  conftest.c >&5
configure:4424: $? = 0
configure:4438: result: yes
configure:4442: checking sys/ioctl.h presence
configure:4457: gcc -E  conftest.c
configure:4464: $? = 0
configure:4478: result: yes
configure:4511: checking for sys/ioctl.h
configure:4520: result: yes
configure:4400: checking dirent.h usability
configure:4417: gcc -c -g -O2  conftest.c >&5
configure:4424: $? = 0
configure:4438: result: yes
configure:4442: checking dirent.h presence
configure:4457: gcc -E  conftest.c
configure:4464: $? = 0
configure:4478: result: yes
configure:4511: checking for dirent.h
configure:4520: result: yes
configure:4389: checking for poll.h
configure:4396: result: yes
configure:4536: checking whether time.h and sys/time.h may both be included
configure:4566: gcc -c -g -O2  conftest.c >&5
configure:4573: $? = 0
configure:4588: result: yes
configure:4602: checking for an ANSI C-conforming const
configure:4677: gcc -c -g -O2  conftest.c >&5
configure:4684: $? = 0
configure:4699: result: yes
configure:4714: checking for in_port_t
configure:4742: gcc -c -g -O2  conftest.c >&5
conftest.c: In function 'main':
conftest.c:126: error: 'in_port_t' undeclared (first use in this function)
conftest.c:126: error: (Each undeclared identifier is reported only once
conftest.c:126: error: for each function it appears in.)
configure:4749: $? = 1
configure: failed program was:
| /* confdefs.h.  */
| #define PACKAGE_NAME "payrunner"
| #define PACKAGE_TARNAME "payrunner"
| #define PACKAGE_VERSION "1.0"
| #define PACKAGE_STRING "payrunner 1.0"
| #define PACKAGE_BUGREPORT "zhaokun@adtec.com.cn"
| #define HAVE_LIBC 1
| #define HAVE_LIBM 1
| #define HAVE_LIBCURSES 1
| #define HAVE_LIBDL 1
| #define HAVE_LIBPTHREAD 1
| #define STDC_HEADERS 1
| #define HAVE_SYS_WAIT_H 1
| #define HAVE_SYS_TYPES_H 1
| #define HAVE_SYS_STAT_H 1
| #define HAVE_STDLIB_H 1
| #define HAVE_STRING_H 1
| #define HAVE_MEMORY_H 1
| #define HAVE_STRINGS_H 1
| #define HAVE_INTTYPES_H 1
| #define HAVE_STDINT_H 1
| #define HAVE_UNISTD_H 1
| #define HAVE_STDIO_H 1
| #define HAVE_UNISTD_H 1
| #define HAVE_MEMORY_H 1
| #define HAVE_SYS_TIME_H 1
| #define HAVE_TIME_H 1
| #define HAVE_MATH_H 1
| #define HAVE_SETJMP_H 1
| #define HAVE_CTYPE_H 1
| #define HAVE_AIO_H 1
| #define HAVE_ASSERT_H 1
| #define HAVE_LIBGEN_H 1
| #define HAVE_SIGNAL_H 1
| #define HAVE_WCHAR_H 1
| #define HAVE_COMPLEX_H 1
| #define HAVE_NL_TYPES_H 1
| #define HAVE_TERMIOS_H 1
| #define HAVE_SYS_STAT_H 1
| #define HAVE_SYSLOG_H 1
| #define HAVE_FCNTL_H 1
| #define HAVE_DLFCN_H 1
| #define HAVE_GRP_H 1
| #define HAVE_NETDB_H 1
| #define HAVE_PWD_H 1
| #define HAVE_UTMPX_H 1
| #define HAVE_ERRNO_H 1
| #define HAVE_FENV_H 1
| #define HAVE_FMTMSG_H 1
| #define HAVE_FNMATCH_H 1
| #define HAVE_SYS_STATVFS_H 1
| #define HAVE_SYS_TIMEB_H 1
| #define HAVE_SYS_IPC_H 1
| #define HAVE_FTW_H 1
| #define HAVE_SYS_RESOURCE_H 1
| #define HAVE_GLOB_H 1
| #define HAVE_SEARCH_H 1
| #define HAVE_ICONV_H 1
| #define HAVE_WCTYPE_H 1
| #define HAVE_LOCALE_H 1
| #define HAVE_SYS_MMAN_H 1
| #define HAVE_MQUEUE_H 1
| #define HAVE_SYS_MSG_H 1
| #define HAVE_LANGINFO_H 1
| #define HAVE_POLL_H 1
| #define HAVE_SPAWN_H 1
| #define HAVE_SCHED_H 1
| #define HAVE_PTHREAD_H 1
| #define HAVE_SYS_UIO_H 1
| #define HAVE_REGEX_H 1
| #define HAVE_SEMAPHORE_H 1
| #define HAVE_SYS_SEM_H 1
| #define HAVE_SYS_SHM_H 1
| #define HAVE_ULIMIT_H 1
| #define HAVE_LIMITS_H 1
| #define HAVE_SYS_UTSNAME_H 1
| #define HAVE_STDARG_H 1
| #define HAVE_STDDEF_H 1
| #define HAVE_WORDEXP_H 1
| #define HAVE_UTIME_H 1
| #define HAVE_SYS_TIMES_H 1
| #define HAVE_SYS_SOCKET_H 1
| #define HAVE_NETINET_IN_H 1
| #define HAVE_ARPA_INET_H 1
| #define HAVE_SYS_IOCTL_H 1
| #define HAVE_DIRENT_H 1
| #define HAVE_POLL_H 1
| #define TIME_WITH_SYS_TIME 1
| /* end confdefs.h.  */
| #include <stdio.h>
| #ifdef HAVE_SYS_TYPES_H
| # include <sys/types.h>
| #endif
| #ifdef HAVE_SYS_STAT_H
| # include <sys/stat.h>
| #endif
| #ifdef STDC_HEADERS
| # include <stdlib.h>
| # include <stddef.h>
| #else
| # ifdef HAVE_STDLIB_H
| #  include <stdlib.h>
| # endif
| #endif
| #ifdef HAVE_STRING_H
| # if !defined STDC_HEADERS && defined HAVE_MEMORY_H
| #  include <memory.h>
| # endif
| # include <string.h>
| #endif
| #ifdef HAVE_STRINGS_H
| # include <strings.h>
| #endif
| #ifdef HAVE_INTTYPES_H
| # include <inttypes.h>
| #endif
| #ifdef HAVE_STDINT_H
| # include <stdint.h>
| #endif
| #ifdef HAVE_UNISTD_H
| # include <unistd.h>
| #endif
| int
| main ()
| {
| if (sizeof (in_port_t))
|        return 0;
|   ;
|   return 0;
| }
configure:4806: result: no
configure:4819: checking for max
configure:4875: gcc -o conftest -g -O2   conftest.c -lpthread -ldl -lcurses -lm -lc  >&5
/tmp/cckHRBI3.o: In function `main':
/home/ap/aps/pay-runner/autoconf/conftest.c:125: undefined reference to `max'
collect2: ld returned 1 exit status
configure:4882: $? = 1
configure: failed program was:
| /* confdefs.h.  */
| #define PACKAGE_NAME "payrunner"
| #define PACKAGE_TARNAME "payrunner"
| #define PACKAGE_VERSION "1.0"
| #define PACKAGE_STRING "payrunner 1.0"
| #define PACKAGE_BUGREPORT "zhaokun@adtec.com.cn"
| #define HAVE_LIBC 1
| #define HAVE_LIBM 1
| #define HAVE_LIBCURSES 1
| #define HAVE_LIBDL 1
| #define HAVE_LIBPTHREAD 1
| #define STDC_HEADERS 1
| #define HAVE_SYS_WAIT_H 1
| #define HAVE_SYS_TYPES_H 1
| #define HAVE_SYS_STAT_H 1
| #define HAVE_STDLIB_H 1
| #define HAVE_STRING_H 1
| #define HAVE_MEMORY_H 1
| #define HAVE_STRINGS_H 1
| #define HAVE_INTTYPES_H 1
| #define HAVE_STDINT_H 1
| #define HAVE_UNISTD_H 1
| #define HAVE_STDIO_H 1
| #define HAVE_UNISTD_H 1
| #define HAVE_MEMORY_H 1
| #define HAVE_SYS_TIME_H 1
| #define HAVE_TIME_H 1
| #define HAVE_MATH_H 1
| #define HAVE_SETJMP_H 1
| #define HAVE_CTYPE_H 1
| #define HAVE_AIO_H 1
| #define HAVE_ASSERT_H 1
| #define HAVE_LIBGEN_H 1
| #define HAVE_SIGNAL_H 1
| #define HAVE_WCHAR_H 1
| #define HAVE_COMPLEX_H 1
| #define HAVE_NL_TYPES_H 1
| #define HAVE_TERMIOS_H 1
| #define HAVE_SYS_STAT_H 1
| #define HAVE_SYSLOG_H 1
| #define HAVE_FCNTL_H 1
| #define HAVE_DLFCN_H 1
| #define HAVE_GRP_H 1
| #define HAVE_NETDB_H 1
| #define HAVE_PWD_H 1
| #define HAVE_UTMPX_H 1
| #define HAVE_ERRNO_H 1
| #define HAVE_FENV_H 1
| #define HAVE_FMTMSG_H 1
| #define HAVE_FNMATCH_H 1
| #define HAVE_SYS_STATVFS_H 1
| #define HAVE_SYS_TIMEB_H 1
| #define HAVE_SYS_IPC_H 1
| #define HAVE_FTW_H 1
| #define HAVE_SYS_RESOURCE_H 1
| #define HAVE_GLOB_H 1
| #define HAVE_SEARCH_H 1
| #define HAVE_ICONV_H 1
| #define HAVE_WCTYPE_H 1
| #define HAVE_LOCALE_H 1
| #define HAVE_SYS_MMAN_H 1
| #define HAVE_MQUEUE_H 1
| #define HAVE_SYS_MSG_H 1
| #define HAVE_LANGINFO_H 1
| #define HAVE_POLL_H 1
| #define HAVE_SPAWN_H 1
| #define HAVE_SCHED_H 1
| #define HAVE_PTHREAD_H 1
| #define HAVE_SYS_UIO_H 1
| #define HAVE_REGEX_H 1
| #define HAVE_SEMAPHORE_H 1
| #define HAVE_SYS_SEM_H 1
| #define HAVE_SYS_SHM_H 1
| #define HAVE_ULIMIT_H 1
| #define HAVE_LIMITS_H 1
| #define HAVE_SYS_UTSNAME_H 1
| #define HAVE_STDARG_H 1
| #define HAVE_STDDEF_H 1
| #define HAVE_WORDEXP_H 1
| #define HAVE_UTIME_H 1
| #define HAVE_SYS_TIMES_H 1
| #define HAVE_SYS_SOCKET_H 1
| #define HAVE_NETINET_IN_H 1
| #define HAVE_ARPA_INET_H 1
| #define HAVE_SYS_IOCTL_H 1
| #define HAVE_DIRENT_H 1
| #define HAVE_POLL_H 1
| #define TIME_WITH_SYS_TIME 1
| #define in_port_t unsigned short
| /* end confdefs.h.  */
| /* Define max to an innocuous variant, in case <limits.h> declares max.
|    For example, HP-UX 11i <limits.h> declares gettimeofday.  */
| #define max innocuous_max
| 
| /* System header to define __stub macros and hopefully few prototypes,
|     which can conflict with char max (); below.
|     Prefer <limits.h> to <assert.h> if __STDC__ is defined, since
|     <limits.h> exists even on freestanding compilers.  */
| 
| #ifdef __STDC__
| # include <limits.h>
| #else
| # include <assert.h>
| #endif
| 
| #undef max
| 
| /* Override any GCC internal prototype to avoid an error.
|    Use char because int might match the return type of a GCC
|    builtin and then its argument prototype would still apply.  */
| #ifdef __cplusplus
| extern "C"
| #endif
| char max ();
| /* The GNU C library defines this for functions which it implements
|     to always fail with ENOSYS.  Some functions are actually named
|     something starting with __ and the normal name is an alias.  */
| #if defined __stub_max || defined __stub___max
| choke me
| #endif
| 
| int
| main ()
| {
| return max ();
|   ;
|   return 0;
| }
configure:4902: result: no
configure:4911: checking for min
configure:4967: gcc -o conftest -g -O2   conftest.c -lpthread -ldl -lcurses -lm -lc  >&5
/tmp/cciftfEa.o: In function `main':
/home/ap/aps/pay-runner/autoconf/conftest.c:125: undefined reference to `min'
collect2: ld returned 1 exit status
configure:4974: $? = 1
configure: failed program was:
| /* confdefs.h.  */
| #define PACKAGE_NAME "payrunner"
| #define PACKAGE_TARNAME "payrunner"
| #define PACKAGE_VERSION "1.0"
| #define PACKAGE_STRING "payrunner 1.0"
| #define PACKAGE_BUGREPORT "zhaokun@adtec.com.cn"
| #define HAVE_LIBC 1
| #define HAVE_LIBM 1
| #define HAVE_LIBCURSES 1
| #define HAVE_LIBDL 1
| #define HAVE_LIBPTHREAD 1
| #define STDC_HEADERS 1
| #define HAVE_SYS_WAIT_H 1
| #define HAVE_SYS_TYPES_H 1
| #define HAVE_SYS_STAT_H 1
| #define HAVE_STDLIB_H 1
| #define HAVE_STRING_H 1
| #define HAVE_MEMORY_H 1
| #define HAVE_STRINGS_H 1
| #define HAVE_INTTYPES_H 1
| #define HAVE_STDINT_H 1
| #define HAVE_UNISTD_H 1
| #define HAVE_STDIO_H 1
| #define HAVE_UNISTD_H 1
| #define HAVE_MEMORY_H 1
| #define HAVE_SYS_TIME_H 1
| #define HAVE_TIME_H 1
| #define HAVE_MATH_H 1
| #define HAVE_SETJMP_H 1
| #define HAVE_CTYPE_H 1
| #define HAVE_AIO_H 1
| #define HAVE_ASSERT_H 1
| #define HAVE_LIBGEN_H 1
| #define HAVE_SIGNAL_H 1
| #define HAVE_WCHAR_H 1
| #define HAVE_COMPLEX_H 1
| #define HAVE_NL_TYPES_H 1
| #define HAVE_TERMIOS_H 1
| #define HAVE_SYS_STAT_H 1
| #define HAVE_SYSLOG_H 1
| #define HAVE_FCNTL_H 1
| #define HAVE_DLFCN_H 1
| #define HAVE_GRP_H 1
| #define HAVE_NETDB_H 1
| #define HAVE_PWD_H 1
| #define HAVE_UTMPX_H 1
| #define HAVE_ERRNO_H 1
| #define HAVE_FENV_H 1
| #define HAVE_FMTMSG_H 1
| #define HAVE_FNMATCH_H 1
| #define HAVE_SYS_STATVFS_H 1
| #define HAVE_SYS_TIMEB_H 1
| #define HAVE_SYS_IPC_H 1
| #define HAVE_FTW_H 1
| #define HAVE_SYS_RESOURCE_H 1
| #define HAVE_GLOB_H 1
| #define HAVE_SEARCH_H 1
| #define HAVE_ICONV_H 1
| #define HAVE_WCTYPE_H 1
| #define HAVE_LOCALE_H 1
| #define HAVE_SYS_MMAN_H 1
| #define HAVE_MQUEUE_H 1
| #define HAVE_SYS_MSG_H 1
| #define HAVE_LANGINFO_H 1
| #define HAVE_POLL_H 1
| #define HAVE_SPAWN_H 1
| #define HAVE_SCHED_H 1
| #define HAVE_PTHREAD_H 1
| #define HAVE_SYS_UIO_H 1
| #define HAVE_REGEX_H 1
| #define HAVE_SEMAPHORE_H 1
| #define HAVE_SYS_SEM_H 1
| #define HAVE_SYS_SHM_H 1
| #define HAVE_ULIMIT_H 1
| #define HAVE_LIMITS_H 1
| #define HAVE_SYS_UTSNAME_H 1
| #define HAVE_STDARG_H 1
| #define HAVE_STDDEF_H 1
| #define HAVE_WORDEXP_H 1
| #define HAVE_UTIME_H 1
| #define HAVE_SYS_TIMES_H 1
| #define HAVE_SYS_SOCKET_H 1
| #define HAVE_NETINET_IN_H 1
| #define HAVE_ARPA_INET_H 1
| #define HAVE_SYS_IOCTL_H 1
| #define HAVE_DIRENT_H 1
| #define HAVE_POLL_H 1
| #define TIME_WITH_SYS_TIME 1
| #define in_port_t unsigned short
| /* end confdefs.h.  */
| /* Define min to an innocuous variant, in case <limits.h> declares min.
|    For example, HP-UX 11i <limits.h> declares gettimeofday.  */
| #define min innocuous_min
| 
| /* System header to define __stub macros and hopefully few prototypes,
|     which can conflict with char min (); below.
|     Prefer <limits.h> to <assert.h> if __STDC__ is defined, since
|     <limits.h> exists even on freestanding compilers.  */
| 
| #ifdef __STDC__
| # include <limits.h>
| #else
| # include <assert.h>
| #endif
| 
| #undef min
| 
| /* Override any GCC internal prototype to avoid an error.
|    Use char because int might match the return type of a GCC
|    builtin and then its argument prototype would still apply.  */
| #ifdef __cplusplus
| extern "C"
| #endif
| char min ();
| /* The GNU C library defines this for functions which it implements
|     to always fail with ENOSYS.  Some functions are actually named
|     something starting with __ and the normal name is an alias.  */
| #if defined __stub_min || defined __stub___min
| choke me
| #endif
| 
| int
| main ()
| {
| return min ();
|   ;
|   return 0;
| }
configure:4994: result: no
configure:5021: checking sys/select.h usability
configure:5038: gcc -c -g -O2  conftest.c >&5
configure:5045: $? = 0
configure:5059: result: yes
configure:5063: checking sys/select.h presence
configure:5078: gcc -E  conftest.c
configure:5085: $? = 0
configure:5099: result: yes
configure:5132: checking for sys/select.h
configure:5141: result: yes
configure:5010: checking for sys/socket.h
configure:5017: result: yes
configure:5156: checking types of arguments for select
configure:5194: gcc -c -g -O2  conftest.c >&5
configure:5201: $? = 0
configure:5222: result: int,fd_set *,struct timeval *
configure:5423: creating ./config.status

## ---------------------- ##
## Running config.status. ##
## ---------------------- ##

This file was extended by payrunner config.status 1.0, which was
generated by GNU Autoconf 2.63.  Invocation command line was

  CONFIG_FILES    = 
  CONFIG_HEADERS  = 
  CONFIG_LINKS    = 
  CONFIG_COMMANDS = 
  $ ./config.status 

on linuxAS6

config.status:819: creating Make.defines
config.status:819: creating config.h

## ---------------- ##
## Cache variables. ##
## ---------------- ##

ac_cv_build=x86_64-pc-linux-gnu
ac_cv_c_compiler_gnu=yes
ac_cv_c_const=yes
ac_cv_env_CC_set=
ac_cv_env_CC_value=
ac_cv_env_CFLAGS_set=
ac_cv_env_CFLAGS_value=
ac_cv_env_CPPFLAGS_set=
ac_cv_env_CPPFLAGS_value=
ac_cv_env_CPP_set=
ac_cv_env_CPP_value=
ac_cv_env_LDFLAGS_set=
ac_cv_env_LDFLAGS_value=
ac_cv_env_LIBS_set=
ac_cv_env_LIBS_value=
ac_cv_env_build_alias_set=
ac_cv_env_build_alias_value=
ac_cv_env_host_alias_set=
ac_cv_env_host_alias_value=
ac_cv_env_target_alias_set=
ac_cv_env_target_alias_value=
ac_cv_func_max=no
ac_cv_func_min=no
ac_cv_func_select_args='int,fd_set *,struct timeval *'
ac_cv_header_aio_h=yes
ac_cv_header_arpa_inet_h=yes
ac_cv_header_assert_h=yes
ac_cv_header_complex_h=yes
ac_cv_header_ctype_h=yes
ac_cv_header_dirent_h=yes
ac_cv_header_dlfcn_h=yes
ac_cv_header_errno_h=yes
ac_cv_header_fcntl_h=yes
ac_cv_header_fenv_h=yes
ac_cv_header_fmtmsg_h=yes
ac_cv_header_fnmatch_h=yes
ac_cv_header_ftw_h=yes
ac_cv_header_glob_h=yes
ac_cv_header_grp_h=yes
ac_cv_header_iconv_h=yes
ac_cv_header_inttypes_h=yes
ac_cv_header_langinfo_h=yes
ac_cv_header_libgen_h=yes
ac_cv_header_limits_h=yes
ac_cv_header_locale_h=yes
ac_cv_header_math_h=yes
ac_cv_header_memory_h=yes
ac_cv_header_monetarr_h=no
ac_cv_header_mqueue_h=yes
ac_cv_header_ndbm_h=no
ac_cv_header_netdb_h=yes
ac_cv_header_netinet_in_h=yes
ac_cv_header_nl_types_h=yes
ac_cv_header_poll_h=yes
ac_cv_header_pthread_h=yes
ac_cv_header_pwd_h=yes
ac_cv_header_regex_h=yes
ac_cv_header_sched_h=yes
ac_cv_header_search_h=yes
ac_cv_header_semaphore_h=yes
ac_cv_header_setjmp_h=yes
ac_cv_header_signal_h=yes
ac_cv_header_spawn_h=yes
ac_cv_header_stdarg_h=yes
ac_cv_header_stdc=yes
ac_cv_header_stddef_h=yes
ac_cv_header_stdint_h=yes
ac_cv_header_stdio_h=yes
ac_cv_header_stdlib_h=yes
ac_cv_header_string_h=yes
ac_cv_header_strings_h=yes
ac_cv_header_stropts_h=no
ac_cv_header_sys_ioctl_h=yes
ac_cv_header_sys_ipc_h=yes
ac_cv_header_sys_mman_h=yes
ac_cv_header_sys_msg_h=yes
ac_cv_header_sys_resource_h=yes
ac_cv_header_sys_select_h=yes
ac_cv_header_sys_sem_h=yes
ac_cv_header_sys_shm_h=yes
ac_cv_header_sys_socket_h=yes
ac_cv_header_sys_stat_h=yes
ac_cv_header_sys_statvfs_h=yes
ac_cv_header_sys_time_h=yes
ac_cv_header_sys_timeb_h=yes
ac_cv_header_sys_times_h=yes
ac_cv_header_sys_types_h=yes
ac_cv_header_sys_uio_h=yes
ac_cv_header_sys_utsname_h=yes
ac_cv_header_sys_wait_h=yes
ac_cv_header_syslog_h=yes
ac_cv_header_termios_h=yes
ac_cv_header_time=yes
ac_cv_header_time_h=yes
ac_cv_header_trace_h=no
ac_cv_header_ulimit_h=yes
ac_cv_header_unistd_h=yes
ac_cv_header_utime_h=yes
ac_cv_header_utmpx_h=yes
ac_cv_header_wchar_h=yes
ac_cv_header_wctype_h=yes
ac_cv_header_wordexp_h=yes
ac_cv_host=x86_64-pc-linux-gnu
ac_cv_lib_c_atexit=yes
ac_cv_lib_curses_initscr=yes
ac_cv_lib_dl_dlerror=yes
ac_cv_lib_gen_basename=no
ac_cv_lib_inet_addr_nsl=no
ac_cv_lib_m_pow=yes
ac_cv_lib_pthread_pthread_exit=yes
ac_cv_lib_socket_socket=no
ac_cv_objext=o
ac_cv_path_EGREP='/bin/grep -E'
ac_cv_path_GREP=/bin/grep
ac_cv_prog_CPP='gcc -E'
ac_cv_prog_ac_ct_CC=gcc
ac_cv_prog_ac_ct_RANLIB=ranlib
ac_cv_prog_cc_c89=
ac_cv_prog_cc_g=yes
ac_cv_prog_make_make_set=yes
ac_cv_target=x86_64-pc-linux-gnu
ac_cv_type_in_port_t=no

## ----------------- ##
## Output variables. ##
## ----------------- ##

CC='gcc'
CFLAGS='-g  -Wall -fPIC -D_REENTRANT'
CPP='gcc -E'
CPPFLAGS=''
DEFS='-DHAVE_CONFIG_H'
ECHO_C=''
ECHO_N='-n'
ECHO_T=''
EGREP='/bin/grep -E'
EXEEXT=''
GREP='/bin/grep'
LD='gcc'
LDFLAGS=''
LIBOBJS=''
LIBS='-lpthread -ldl -lcurses -lm -lc '
LTLIBOBJS=''
OBJEXT='o'
PACKAGE_BUGREPORT='zhaokun@adtec.com.cn'
PACKAGE_NAME='payrunner'
PACKAGE_STRING='payrunner 1.0'
PACKAGE_TARNAME='payrunner'
PACKAGE_VERSION='1.0'
PATH_SEPARATOR=':'
RANLIB='ranlib'
SET_MAKE=''
SHELL='/bin/sh'
SHLIBEXT='.so'
SHLIBLDOPT='-shared -fPIC'
ac_ct_CC='gcc'
bindir='${exec_prefix}/bin'
build='x86_64-pc-linux-gnu'
build_alias=''
build_cpu='x86_64'
build_os='linux-gnu'
build_vendor='pc'
datadir='${datarootdir}'
datarootdir='${prefix}/share'
docdir='${datarootdir}/doc/${PACKAGE_TARNAME}'
dvidir='${docdir}'
exec_prefix='${prefix}'
host='x86_64-pc-linux-gnu'
host_alias=''
host_cpu='x86_64'
host_os='linux-gnu'
host_vendor='pc'
htmldir='${docdir}'
includedir='${prefix}/include'
infodir='${datarootdir}/info'
libdir='${exec_prefix}/lib'
libexecdir='${exec_prefix}/libexec'
localedir='${datarootdir}/locale'
localstatedir='${prefix}/var'
mandir='${datarootdir}/man'
oldincludedir='/usr/include'
pdfdir='${docdir}'
prefix='/usr/local'
program_transform_name='s,x,x,'
psdir='${docdir}'
sbindir='${exec_prefix}/sbin'
sharedstatedir='${prefix}/com'
sysconfdir='${prefix}/etc'
target='x86_64-pc-linux-gnu'
target_alias=''
target_cpu='x86_64'
target_os='linux-gnu'
target_vendor='pc'

## ----------- ##
## confdefs.h. ##
## ----------- ##

#define PACKAGE_NAME "payrunner"
#define PACKAGE_TARNAME "payrunner"
#define PACKAGE_VERSION "1.0"
#define PACKAGE_STRING "payrunner 1.0"
#define PACKAGE_BUGREPORT "zhaokun@adtec.com.cn"
#define HAVE_LIBC 1
#define HAVE_LIBM 1
#define HAVE_LIBCURSES 1
#define HAVE_LIBDL 1
#define HAVE_LIBPTHREAD 1
#define STDC_HEADERS 1
#define HAVE_SYS_WAIT_H 1
#define HAVE_SYS_TYPES_H 1
#define HAVE_SYS_STAT_H 1
#define HAVE_STDLIB_H 1
#define HAVE_STRING_H 1
#define HAVE_MEMORY_H 1
#define HAVE_STRINGS_H 1
#define HAVE_INTTYPES_H 1
#define HAVE_STDINT_H 1
#define HAVE_UNISTD_H 1
#define HAVE_STDIO_H 1
#define HAVE_UNISTD_H 1
#define HAVE_MEMORY_H 1
#define HAVE_SYS_TIME_H 1
#define HAVE_TIME_H 1
#define HAVE_MATH_H 1
#define HAVE_SETJMP_H 1
#define HAVE_CTYPE_H 1
#define HAVE_AIO_H 1
#define HAVE_ASSERT_H 1
#define HAVE_LIBGEN_H 1
#define HAVE_SIGNAL_H 1
#define HAVE_WCHAR_H 1
#define HAVE_COMPLEX_H 1
#define HAVE_NL_TYPES_H 1
#define HAVE_TERMIOS_H 1
#define HAVE_SYS_STAT_H 1
#define HAVE_SYSLOG_H 1
#define HAVE_FCNTL_H 1
#define HAVE_DLFCN_H 1
#define HAVE_GRP_H 1
#define HAVE_NETDB_H 1
#define HAVE_PWD_H 1
#define HAVE_UTMPX_H 1
#define HAVE_ERRNO_H 1
#define HAVE_FENV_H 1
#define HAVE_FMTMSG_H 1
#define HAVE_FNMATCH_H 1
#define HAVE_SYS_STATVFS_H 1
#define HAVE_SYS_TIMEB_H 1
#define HAVE_SYS_IPC_H 1
#define HAVE_FTW_H 1
#define HAVE_SYS_RESOURCE_H 1
#define HAVE_GLOB_H 1
#define HAVE_SEARCH_H 1
#define HAVE_ICONV_H 1
#define HAVE_WCTYPE_H 1
#define HAVE_LOCALE_H 1
#define HAVE_SYS_MMAN_H 1
#define HAVE_MQUEUE_H 1
#define HAVE_SYS_MSG_H 1
#define HAVE_LANGINFO_H 1
#define HAVE_POLL_H 1
#define HAVE_SPAWN_H 1
#define HAVE_SCHED_H 1
#define HAVE_PTHREAD_H 1
#define HAVE_SYS_UIO_H 1
#define HAVE_REGEX_H 1
#define HAVE_SEMAPHORE_H 1
#define HAVE_SYS_SEM_H 1
#define HAVE_SYS_SHM_H 1
#define HAVE_ULIMIT_H 1
#define HAVE_LIMITS_H 1
#define HAVE_SYS_UTSNAME_H 1
#define HAVE_STDARG_H 1
#define HAVE_STDDEF_H 1
#define HAVE_WORDEXP_H 1
#define HAVE_UTIME_H 1
#define HAVE_SYS_TIMES_H 1
#define HAVE_SYS_SOCKET_H 1
#define HAVE_NETINET_IN_H 1
#define HAVE_ARPA_INET_H 1
#define HAVE_SYS_IOCTL_H 1
#define HAVE_DIRENT_H 1
#define HAVE_POLL_H 1
#define TIME_WITH_SYS_TIME 1
#define in_port_t unsigned short
#define HAVE_SYS_SELECT_H 1
#define HAVE_SYS_SOCKET_H 1
#define SELECT_TYPE_ARG1 int
#define SELECT_TYPE_ARG234 (fd_set *)
#define SELECT_TYPE_ARG5 (struct timeval *)
#define SELECT_ARG1 int
#define SELECT_ARG234 fd_set *
#define SELECT_ARG5 struct timeval *

configure: exit 0
